{"total": {"lines":{"total":2590,"covered":680,"skipped":0,"pct":26.25},"statements":{"total":2789,"covered":718,"skipped":0,"pct":25.74},"functions":{"total":755,"covered":214,"skipped":0,"pct":28.34},"branches":{"total":1905,"covered":223,"skipped":0,"pct":11.7},"branchesTrue":{"total":0,"covered":0,"skipped":0,"pct":100}}
,"/home/cblokland/projects/made/codemation/packages/frontend/src/applicationTokens.ts": {"lines":{"total":1,"covered":1,"skipped":0,"pct":100},"functions":{"total":0,"covered":0,"skipped":0,"pct":100},"statements":{"total":1,"covered":1,"skipped":0,"pct":100},"branches":{"total":0,"covered":0,"skipped":0,"pct":100}}
,"/home/cblokland/projects/made/codemation/packages/frontend/src/client.ts": {"lines":{"total":0,"covered":0,"skipped":0,"pct":100},"functions":{"total":0,"covered":0,"skipped":0,"pct":100},"statements":{"total":0,"covered":0,"skipped":0,"pct":100},"branches":{"total":0,"covered":0,"skipped":0,"pct":100}}
,"/home/cblokland/projects/made/codemation/packages/frontend/src/codemationApplication.ts": {"lines":{"total":230,"covered":173,"skipped":0,"pct":75.21},"functions":{"total":68,"covered":49,"skipped":0,"pct":72.05},"statements":{"total":238,"covered":176,"skipped":0,"pct":73.94},"branches":{"total":106,"covered":56,"skipped":0,"pct":52.83}}
,"/home/cblokland/projects/made/codemation/packages/frontend/src/index.ts": {"lines":{"total":0,"covered":0,"skipped":0,"pct":100},"functions":{"total":0,"covered":0,"skipped":0,"pct":100},"statements":{"total":0,"covered":0,"skipped":0,"pct":100},"branches":{"total":0,"covered":0,"skipped":0,"pct":100}}
,"/home/cblokland/projects/made/codemation/packages/frontend/src/server.ts": {"lines":{"total":0,"covered":0,"skipped":0,"pct":100},"functions":{"total":0,"covered":0,"skipped":0,"pct":100},"statements":{"total":0,"covered":0,"skipped":0,"pct":100},"branches":{"total":0,"covered":0,"skipped":0,"pct":100}}
,"/home/cblokland/projects/made/codemation/packages/frontend/src/vite.ts": {"lines":{"total":0,"covered":0,"skipped":0,"pct":100},"functions":{"total":0,"covered":0,"skipped":0,"pct":100},"statements":{"total":0,"covered":0,"skipped":0,"pct":100},"branches":{"total":0,"covered":0,"skipped":0,"pct":100}}
,"/home/cblokland/projects/made/codemation/packages/frontend/src/application/ApplicationRequestError.ts": {"lines":{"total":4,"covered":0,"skipped":0,"pct":0},"functions":{"total":1,"covered":0,"skipped":0,"pct":0},"statements":{"total":4,"covered":0,"skipped":0,"pct":0},"branches":{"total":0,"covered":0,"skipped":0,"pct":100}}
,"/home/cblokland/projects/made/codemation/packages/frontend/src/application/bus/Command.ts": {"lines":{"total":0,"covered":0,"skipped":0,"pct":100},"functions":{"total":0,"covered":0,"skipped":0,"pct":100},"statements":{"total":0,"covered":0,"skipped":0,"pct":100},"branches":{"total":0,"covered":0,"skipped":0,"pct":100}}
,"/home/cblokland/projects/made/codemation/packages/frontend/src/application/bus/CommandBus.ts": {"lines":{"total":0,"covered":0,"skipped":0,"pct":100},"functions":{"total":0,"covered":0,"skipped":0,"pct":100},"statements":{"total":0,"covered":0,"skipped":0,"pct":100},"branches":{"total":0,"covered":0,"skipped":0,"pct":100}}
,"/home/cblokland/projects/made/codemation/packages/frontend/src/application/bus/CommandHandler.ts": {"lines":{"total":0,"covered":0,"skipped":0,"pct":100},"functions":{"total":0,"covered":0,"skipped":0,"pct":100},"statements":{"total":0,"covered":0,"skipped":0,"pct":100},"branches":{"total":0,"covered":0,"skipped":0,"pct":100}}
,"/home/cblokland/projects/made/codemation/packages/frontend/src/application/bus/DomainEvent.ts": {"lines":{"total":0,"covered":0,"skipped":0,"pct":100},"functions":{"total":0,"covered":0,"skipped":0,"pct":100},"statements":{"total":0,"covered":0,"skipped":0,"pct":100},"branches":{"total":0,"covered":0,"skipped":0,"pct":100}}
,"/home/cblokland/projects/made/codemation/packages/frontend/src/application/bus/DomainEventBus.ts": {"lines":{"total":0,"covered":0,"skipped":0,"pct":100},"functions":{"total":0,"covered":0,"skipped":0,"pct":100},"statements":{"total":0,"covered":0,"skipped":0,"pct":100},"branches":{"total":0,"covered":0,"skipped":0,"pct":100}}
,"/home/cblokland/projects/made/codemation/packages/frontend/src/application/bus/DomainEventHandler.ts": {"lines":{"total":0,"covered":0,"skipped":0,"pct":100},"functions":{"total":0,"covered":0,"skipped":0,"pct":100},"statements":{"total":0,"covered":0,"skipped":0,"pct":100},"branches":{"total":0,"covered":0,"skipped":0,"pct":100}}
,"/home/cblokland/projects/made/codemation/packages/frontend/src/application/bus/Query.ts": {"lines":{"total":0,"covered":0,"skipped":0,"pct":100},"functions":{"total":0,"covered":0,"skipped":0,"pct":100},"statements":{"total":0,"covered":0,"skipped":0,"pct":100},"branches":{"total":0,"covered":0,"skipped":0,"pct":100}}
,"/home/cblokland/projects/made/codemation/packages/frontend/src/application/bus/QueryBus.ts": {"lines":{"total":0,"covered":0,"skipped":0,"pct":100},"functions":{"total":0,"covered":0,"skipped":0,"pct":100},"statements":{"total":0,"covered":0,"skipped":0,"pct":100},"branches":{"total":0,"covered":0,"skipped":0,"pct":100}}
,"/home/cblokland/projects/made/codemation/packages/frontend/src/application/bus/QueryHandler.ts": {"lines":{"total":0,"covered":0,"skipped":0,"pct":100},"functions":{"total":0,"covered":0,"skipped":0,"pct":100},"statements":{"total":0,"covered":0,"skipped":0,"pct":100},"branches":{"total":0,"covered":0,"skipped":0,"pct":100}}
,"/home/cblokland/projects/made/codemation/packages/frontend/src/application/commands/CopyRunToWorkflowDebuggerCommand.ts": {"lines":{"total":3,"covered":3,"skipped":0,"pct":100},"functions":{"total":1,"covered":1,"skipped":0,"pct":100},"statements":{"total":3,"covered":3,"skipped":0,"pct":100},"branches":{"total":0,"covered":0,"skipped":0,"pct":100}}
,"/home/cblokland/projects/made/codemation/packages/frontend/src/application/commands/CopyRunToWorkflowDebuggerCommandHandler.ts": {"lines":{"total":21,"covered":17,"skipped":0,"pct":80.95},"functions":{"total":3,"covered":3,"skipped":0,"pct":100},"statements":{"total":22,"covered":18,"skipped":0,"pct":81.81},"branches":{"total":8,"covered":4,"skipped":0,"pct":50}}
,"/home/cblokland/projects/made/codemation/packages/frontend/src/application/commands/HandleWebhookInvocationCommand.ts": {"lines":{"total":4,"covered":0,"skipped":0,"pct":0},"functions":{"total":1,"covered":0,"skipped":0,"pct":0},"statements":{"total":4,"covered":0,"skipped":0,"pct":0},"branches":{"total":0,"covered":0,"skipped":0,"pct":100}}
,"/home/cblokland/projects/made/codemation/packages/frontend/src/application/commands/HandleWebhookInvocationCommandHandler.ts": {"lines":{"total":17,"covered":3,"skipped":0,"pct":17.64},"functions":{"total":2,"covered":1,"skipped":0,"pct":50},"statements":{"total":18,"covered":4,"skipped":0,"pct":22.22},"branches":{"total":10,"covered":0,"skipped":0,"pct":0}}
,"/home/cblokland/projects/made/codemation/packages/frontend/src/application/commands/ReplaceMutableRunWorkflowSnapshotCommand.ts": {"lines":{"total":3,"covered":0,"skipped":0,"pct":0},"functions":{"total":1,"covered":0,"skipped":0,"pct":0},"statements":{"total":3,"covered":0,"skipped":0,"pct":0},"branches":{"total":0,"covered":0,"skipped":0,"pct":100}}
,"/home/cblokland/projects/made/codemation/packages/frontend/src/application/commands/ReplaceMutableRunWorkflowSnapshotCommandHandler.ts": {"lines":{"total":15,"covered":3,"skipped":0,"pct":20},"functions":{"total":2,"covered":1,"skipped":0,"pct":50},"statements":{"total":16,"covered":4,"skipped":0,"pct":25},"branches":{"total":8,"covered":0,"skipped":0,"pct":0}}
,"/home/cblokland/projects/made/codemation/packages/frontend/src/application/commands/ReplaceWorkflowDebuggerOverlayCommand.ts": {"lines":{"total":3,"covered":3,"skipped":0,"pct":100},"functions":{"total":1,"covered":1,"skipped":0,"pct":100},"statements":{"total":3,"covered":3,"skipped":0,"pct":100},"branches":{"total":0,"covered":0,"skipped":0,"pct":100}}
,"/home/cblokland/projects/made/codemation/packages/frontend/src/application/commands/ReplaceWorkflowDebuggerOverlayCommandHandler.ts": {"lines":{"total":8,"covered":7,"skipped":0,"pct":87.5},"functions":{"total":2,"covered":2,"skipped":0,"pct":100},"statements":{"total":9,"covered":8,"skipped":0,"pct":88.88},"branches":{"total":2,"covered":1,"skipped":0,"pct":50}}
,"/home/cblokland/projects/made/codemation/packages/frontend/src/application/commands/ReplayWorkflowNodeCommand.ts": {"lines":{"total":4,"covered":0,"skipped":0,"pct":0},"functions":{"total":1,"covered":0,"skipped":0,"pct":0},"statements":{"total":4,"covered":0,"skipped":0,"pct":0},"branches":{"total":0,"covered":0,"skipped":0,"pct":100}}
,"/home/cblokland/projects/made/codemation/packages/frontend/src/application/commands/ReplayWorkflowNodeCommandHandler.ts": {"lines":{"total":30,"covered":5,"skipped":0,"pct":16.66},"functions":{"total":7,"covered":1,"skipped":0,"pct":14.28},"statements":{"total":31,"covered":6,"skipped":0,"pct":19.35},"branches":{"total":25,"covered":0,"skipped":0,"pct":0}}
,"/home/cblokland/projects/made/codemation/packages/frontend/src/application/commands/SetPinnedNodeInputCommand.ts": {"lines":{"total":4,"covered":0,"skipped":0,"pct":0},"functions":{"total":1,"covered":0,"skipped":0,"pct":0},"statements":{"total":4,"covered":0,"skipped":0,"pct":0},"branches":{"total":0,"covered":0,"skipped":0,"pct":100}}
,"/home/cblokland/projects/made/codemation/packages/frontend/src/application/commands/SetPinnedNodeInputCommandHandler.ts": {"lines":{"total":15,"covered":3,"skipped":0,"pct":20},"functions":{"total":2,"covered":1,"skipped":0,"pct":50},"statements":{"total":16,"covered":4,"skipped":0,"pct":25},"branches":{"total":12,"covered":0,"skipped":0,"pct":0}}
,"/home/cblokland/projects/made/codemation/packages/frontend/src/application/commands/StartWorkflowRunCommand.ts": {"lines":{"total":2,"covered":2,"skipped":0,"pct":100},"functions":{"total":1,"covered":1,"skipped":0,"pct":100},"statements":{"total":2,"covered":2,"skipped":0,"pct":100},"branches":{"total":0,"covered":0,"skipped":0,"pct":100}}
,"/home/cblokland/projects/made/codemation/packages/frontend/src/application/commands/StartWorkflowRunCommandHandler.ts": {"lines":{"total":63,"covered":49,"skipped":0,"pct":77.77},"functions":{"total":12,"covered":9,"skipped":0,"pct":75},"statements":{"total":65,"covered":50,"skipped":0,"pct":76.92},"branches":{"total":76,"covered":45,"skipped":0,"pct":59.21}}
,"/home/cblokland/projects/made/codemation/packages/frontend/src/application/contracts/RunContracts.ts": {"lines":{"total":0,"covered":0,"skipped":0,"pct":100},"functions":{"total":0,"covered":0,"skipped":0,"pct":100},"statements":{"total":0,"covered":0,"skipped":0,"pct":100},"branches":{"total":0,"covered":0,"skipped":0,"pct":100}}
,"/home/cblokland/projects/made/codemation/packages/frontend/src/application/contracts/WorkflowDebuggerContracts.ts": {"lines":{"total":0,"covered":0,"skipped":0,"pct":100},"functions":{"total":0,"covered":0,"skipped":0,"pct":100},"statements":{"total":0,"covered":0,"skipped":0,"pct":100},"branches":{"total":0,"covered":0,"skipped":0,"pct":100}}
,"/home/cblokland/projects/made/codemation/packages/frontend/src/application/contracts/WorkflowViewContracts.ts": {"lines":{"total":0,"covered":0,"skipped":0,"pct":100},"functions":{"total":0,"covered":0,"skipped":0,"pct":100},"statements":{"total":0,"covered":0,"skipped":0,"pct":100},"branches":{"total":0,"covered":0,"skipped":0,"pct":100}}
,"/home/cblokland/projects/made/codemation/packages/frontend/src/application/contracts/WorkflowWebsocketMessage.ts": {"lines":{"total":0,"covered":0,"skipped":0,"pct":100},"functions":{"total":0,"covered":0,"skipped":0,"pct":100},"statements":{"total":0,"covered":0,"skipped":0,"pct":100},"branches":{"total":0,"covered":0,"skipped":0,"pct":100}}
,"/home/cblokland/projects/made/codemation/packages/frontend/src/application/logging/Logger.ts": {"lines":{"total":0,"covered":0,"skipped":0,"pct":100},"functions":{"total":0,"covered":0,"skipped":0,"pct":100},"statements":{"total":0,"covered":0,"skipped":0,"pct":100},"branches":{"total":0,"covered":0,"skipped":0,"pct":100}}
,"/home/cblokland/projects/made/codemation/packages/frontend/src/application/mapping/DataMapper.ts": {"lines":{"total":0,"covered":0,"skipped":0,"pct":100},"functions":{"total":0,"covered":0,"skipped":0,"pct":100},"statements":{"total":0,"covered":0,"skipped":0,"pct":100},"branches":{"total":0,"covered":0,"skipped":0,"pct":100}}
,"/home/cblokland/projects/made/codemation/packages/frontend/src/application/mapping/WorkflowDefinitionMapper.ts": {"lines":{"total":29,"covered":0,"skipped":0,"pct":0},"functions":{"total":8,"covered":0,"skipped":0,"pct":0},"statements":{"total":29,"covered":0,"skipped":0,"pct":0},"branches":{"total":24,"covered":0,"skipped":0,"pct":0}}
,"/home/cblokland/projects/made/codemation/packages/frontend/src/application/queries/GetRunStateQuery.ts": {"lines":{"total":2,"covered":2,"skipped":0,"pct":100},"functions":{"total":1,"covered":1,"skipped":0,"pct":100},"statements":{"total":2,"covered":2,"skipped":0,"pct":100},"branches":{"total":0,"covered":0,"skipped":0,"pct":100}}
,"/home/cblokland/projects/made/codemation/packages/frontend/src/application/queries/GetRunStateQueryHandler.ts": {"lines":{"total":4,"covered":4,"skipped":0,"pct":100},"functions":{"total":2,"covered":2,"skipped":0,"pct":100},"statements":{"total":5,"covered":5,"skipped":0,"pct":100},"branches":{"total":0,"covered":0,"skipped":0,"pct":100}}
,"/home/cblokland/projects/made/codemation/packages/frontend/src/application/queries/GetWorkflowDebuggerOverlayQuery.ts": {"lines":{"total":2,"covered":2,"skipped":0,"pct":100},"functions":{"total":1,"covered":1,"skipped":0,"pct":100},"statements":{"total":2,"covered":2,"skipped":0,"pct":100},"branches":{"total":0,"covered":0,"skipped":0,"pct":100}}
,"/home/cblokland/projects/made/codemation/packages/frontend/src/application/queries/GetWorkflowDebuggerOverlayQueryHandler.ts": {"lines":{"total":4,"covered":4,"skipped":0,"pct":100},"functions":{"total":2,"covered":2,"skipped":0,"pct":100},"statements":{"total":5,"covered":5,"skipped":0,"pct":100},"branches":{"total":2,"covered":1,"skipped":0,"pct":50}}
,"/home/cblokland/projects/made/codemation/packages/frontend/src/application/queries/GetWorkflowDetailQuery.ts": {"lines":{"total":2,"covered":0,"skipped":0,"pct":0},"functions":{"total":1,"covered":0,"skipped":0,"pct":0},"statements":{"total":2,"covered":0,"skipped":0,"pct":0},"branches":{"total":0,"covered":0,"skipped":0,"pct":100}}
,"/home/cblokland/projects/made/codemation/packages/frontend/src/application/queries/GetWorkflowDetailQueryHandler.ts": {"lines":{"total":4,"covered":3,"skipped":0,"pct":75},"functions":{"total":2,"covered":1,"skipped":0,"pct":50},"statements":{"total":5,"covered":4,"skipped":0,"pct":80},"branches":{"total":0,"covered":0,"skipped":0,"pct":100}}
,"/home/cblokland/projects/made/codemation/packages/frontend/src/application/queries/GetWorkflowSummariesQuery.ts": {"lines":{"total":0,"covered":0,"skipped":0,"pct":100},"functions":{"total":0,"covered":0,"skipped":0,"pct":100},"statements":{"total":0,"covered":0,"skipped":0,"pct":100},"branches":{"total":0,"covered":0,"skipped":0,"pct":100}}
,"/home/cblokland/projects/made/codemation/packages/frontend/src/application/queries/GetWorkflowSummariesQueryHandler.ts": {"lines":{"total":5,"covered":3,"skipped":0,"pct":60},"functions":{"total":2,"covered":1,"skipped":0,"pct":50},"statements":{"total":6,"covered":4,"skipped":0,"pct":66.66},"branches":{"total":0,"covered":0,"skipped":0,"pct":100}}
,"/home/cblokland/projects/made/codemation/packages/frontend/src/application/queries/ListWorkflowRunsQuery.ts": {"lines":{"total":2,"covered":2,"skipped":0,"pct":100},"functions":{"total":1,"covered":1,"skipped":0,"pct":100},"statements":{"total":2,"covered":2,"skipped":0,"pct":100},"branches":{"total":0,"covered":0,"skipped":0,"pct":100}}
,"/home/cblokland/projects/made/codemation/packages/frontend/src/application/queries/ListWorkflowRunsQueryHandler.ts": {"lines":{"total":4,"covered":4,"skipped":0,"pct":100},"functions":{"total":2,"covered":2,"skipped":0,"pct":100},"statements":{"total":5,"covered":5,"skipped":0,"pct":100},"branches":{"total":0,"covered":0,"skipped":0,"pct":100}}
,"/home/cblokland/projects/made/codemation/packages/frontend/src/application/websocket/WorkflowRunEventWebsocketRelay.ts": {"lines":{"total":12,"covered":9,"skipped":0,"pct":75},"functions":{"total":4,"covered":4,"skipped":0,"pct":100},"statements":{"total":13,"covered":10,"skipped":0,"pct":76.92},"branches":{"total":4,"covered":2,"skipped":0,"pct":50}}
,"/home/cblokland/projects/made/codemation/packages/frontend/src/application/websocket/WorkflowWebsocketPublisher.ts": {"lines":{"total":0,"covered":0,"skipped":0,"pct":100},"functions":{"total":0,"covered":0,"skipped":0,"pct":100},"statements":{"total":0,"covered":0,"skipped":0,"pct":100},"branches":{"total":0,"covered":0,"skipped":0,"pct":100}}
,"/home/cblokland/projects/made/codemation/packages/frontend/src/application/workflows/WorkflowDebuggerOverlayStateFactory.ts": {"lines":{"total":20,"covered":17,"skipped":0,"pct":85},"functions":{"total":4,"covered":4,"skipped":0,"pct":100},"statements":{"total":20,"covered":17,"skipped":0,"pct":85},"branches":{"total":18,"covered":12,"skipped":0,"pct":66.66}}
,"/home/cblokland/projects/made/codemation/packages/frontend/src/domain/runs/WorkflowRunRepository.ts": {"lines":{"total":0,"covered":0,"skipped":0,"pct":100},"functions":{"total":0,"covered":0,"skipped":0,"pct":100},"statements":{"total":0,"covered":0,"skipped":0,"pct":100},"branches":{"total":0,"covered":0,"skipped":0,"pct":100}}
,"/home/cblokland/projects/made/codemation/packages/frontend/src/domain/webhooks/WebhookEndpointRepository.ts": {"lines":{"total":0,"covered":0,"skipped":0,"pct":100},"functions":{"total":0,"covered":0,"skipped":0,"pct":100},"statements":{"total":0,"covered":0,"skipped":0,"pct":100},"branches":{"total":0,"covered":0,"skipped":0,"pct":100}}
,"/home/cblokland/projects/made/codemation/packages/frontend/src/domain/workflows/WorkflowDebuggerOverlayRepository.ts": {"lines":{"total":0,"covered":0,"skipped":0,"pct":100},"functions":{"total":0,"covered":0,"skipped":0,"pct":100},"statements":{"total":0,"covered":0,"skipped":0,"pct":100},"branches":{"total":0,"covered":0,"skipped":0,"pct":100}}
,"/home/cblokland/projects/made/codemation/packages/frontend/src/domain/workflows/WorkflowDebuggerOverlayState.ts": {"lines":{"total":0,"covered":0,"skipped":0,"pct":100},"functions":{"total":0,"covered":0,"skipped":0,"pct":100},"statements":{"total":0,"covered":0,"skipped":0,"pct":100},"branches":{"total":0,"covered":0,"skipped":0,"pct":100}}
,"/home/cblokland/projects/made/codemation/packages/frontend/src/domain/workflows/WorkflowDefinitionRepository.ts": {"lines":{"total":0,"covered":0,"skipped":0,"pct":100},"functions":{"total":0,"covered":0,"skipped":0,"pct":100},"statements":{"total":0,"covered":0,"skipped":0,"pct":100},"branches":{"total":0,"covered":0,"skipped":0,"pct":100}}
,"/home/cblokland/projects/made/codemation/packages/frontend/src/infrastructure/config/CodemationConfigBindingRegistrar.ts": {"lines":{"total":12,"covered":8,"skipped":0,"pct":66.66},"functions":{"total":5,"covered":5,"skipped":0,"pct":100},"statements":{"total":12,"covered":8,"skipped":0,"pct":66.66},"branches":{"total":4,"covered":2,"skipped":0,"pct":50}}
,"/home/cblokland/projects/made/codemation/packages/frontend/src/infrastructure/config/DependencyInjectionHookRunner.ts": {"lines":{"total":12,"covered":2,"skipped":0,"pct":16.66},"functions":{"total":3,"covered":1,"skipped":0,"pct":33.33},"statements":{"total":14,"covered":2,"skipped":0,"pct":14.28},"branches":{"total":15,"covered":1,"skipped":0,"pct":6.66}}
,"/home/cblokland/projects/made/codemation/packages/frontend/src/infrastructure/di/HandlesCommand.ts": {"lines":{"total":5,"covered":5,"skipped":0,"pct":100},"functions":{"total":2,"covered":2,"skipped":0,"pct":100},"statements":{"total":5,"covered":5,"skipped":0,"pct":100},"branches":{"total":0,"covered":0,"skipped":0,"pct":100}}
,"/home/cblokland/projects/made/codemation/packages/frontend/src/infrastructure/di/HandlesDomainEvent.ts": {"lines":{"total":5,"covered":1,"skipped":0,"pct":20},"functions":{"total":2,"covered":1,"skipped":0,"pct":50},"statements":{"total":5,"covered":1,"skipped":0,"pct":20},"branches":{"total":0,"covered":0,"skipped":0,"pct":100}}
,"/home/cblokland/projects/made/codemation/packages/frontend/src/infrastructure/di/HandlesQuery.ts": {"lines":{"total":5,"covered":5,"skipped":0,"pct":100},"functions":{"total":2,"covered":2,"skipped":0,"pct":100},"statements":{"total":5,"covered":5,"skipped":0,"pct":100},"branches":{"total":0,"covered":0,"skipped":0,"pct":100}}
,"/home/cblokland/projects/made/codemation/packages/frontend/src/infrastructure/di/InMemoryCommandBus.ts": {"lines":{"total":15,"covered":12,"skipped":0,"pct":80},"functions":{"total":3,"covered":3,"skipped":0,"pct":100},"statements":{"total":16,"covered":13,"skipped":0,"pct":81.25},"branches":{"total":6,"covered":3,"skipped":0,"pct":50}}
,"/home/cblokland/projects/made/codemation/packages/frontend/src/infrastructure/di/InMemoryDomainEventBus.ts": {"lines":{"total":14,"covered":1,"skipped":0,"pct":7.14},"functions":{"total":4,"covered":0,"skipped":0,"pct":0},"statements":{"total":16,"covered":2,"skipped":0,"pct":12.5},"branches":{"total":6,"covered":0,"skipped":0,"pct":0}}
,"/home/cblokland/projects/made/codemation/packages/frontend/src/infrastructure/di/InMemoryQueryBus.ts": {"lines":{"total":15,"covered":12,"skipped":0,"pct":80},"functions":{"total":3,"covered":3,"skipped":0,"pct":100},"statements":{"total":16,"covered":13,"skipped":0,"pct":81.25},"branches":{"total":6,"covered":3,"skipped":0,"pct":50}}
,"/home/cblokland/projects/made/codemation/packages/frontend/src/infrastructure/ids/CodemationIdFactory.ts": {"lines":{"total":3,"covered":3,"skipped":0,"pct":100},"functions":{"total":2,"covered":2,"skipped":0,"pct":100},"statements":{"total":4,"covered":4,"skipped":0,"pct":100},"branches":{"total":0,"covered":0,"skipped":0,"pct":100}}
,"/home/cblokland/projects/made/codemation/packages/frontend/src/infrastructure/logging/BrowserLoggerFactory.ts": {"lines":{"total":11,"covered":0,"skipped":0,"pct":0},"functions":{"total":7,"covered":0,"skipped":0,"pct":0},"statements":{"total":11,"covered":0,"skipped":0,"pct":0},"branches":{"total":2,"covered":0,"skipped":0,"pct":0}}
,"/home/cblokland/projects/made/codemation/packages/frontend/src/infrastructure/persistence/InMemoryWorkflowDebuggerOverlayRepository.ts": {"lines":{"total":4,"covered":1,"skipped":0,"pct":25},"functions":{"total":2,"covered":0,"skipped":0,"pct":0},"statements":{"total":5,"covered":2,"skipped":0,"pct":40},"branches":{"total":0,"covered":0,"skipped":0,"pct":100}}
,"/home/cblokland/projects/made/codemation/packages/frontend/src/infrastructure/persistence/InMemoryWorkflowRunRepository.ts": {"lines":{"total":12,"covered":0,"skipped":0,"pct":0},"functions":{"total":7,"covered":0,"skipped":0,"pct":0},"statements":{"total":13,"covered":0,"skipped":0,"pct":0},"branches":{"total":6,"covered":0,"skipped":0,"pct":0}}
,"/home/cblokland/projects/made/codemation/packages/frontend/src/infrastructure/persistence/PrismaClientFactory.ts": {"lines":{"total":3,"covered":3,"skipped":0,"pct":100},"functions":{"total":1,"covered":1,"skipped":0,"pct":100},"statements":{"total":4,"covered":4,"skipped":0,"pct":100},"branches":{"total":0,"covered":0,"skipped":0,"pct":100}}
,"/home/cblokland/projects/made/codemation/packages/frontend/src/infrastructure/persistence/PrismaMigrationDeployer.ts": {"lines":{"total":27,"covered":20,"skipped":0,"pct":74.07},"functions":{"total":11,"covered":9,"skipped":0,"pct":81.81},"statements":{"total":28,"covered":21,"skipped":0,"pct":75},"branches":{"total":12,"covered":3,"skipped":0,"pct":25}}
,"/home/cblokland/projects/made/codemation/packages/frontend/src/infrastructure/persistence/PrismaWorkflowDebuggerOverlayRepository.ts": {"lines":{"total":11,"covered":11,"skipped":0,"pct":100},"functions":{"total":5,"covered":5,"skipped":0,"pct":100},"statements":{"total":12,"covered":12,"skipped":0,"pct":100},"branches":{"total":8,"covered":8,"skipped":0,"pct":100}}
,"/home/cblokland/projects/made/codemation/packages/frontend/src/infrastructure/persistence/PrismaWorkflowRunRepository.ts": {"lines":{"total":24,"covered":24,"skipped":0,"pct":100},"functions":{"total":10,"covered":10,"skipped":0,"pct":100},"statements":{"total":27,"covered":26,"skipped":0,"pct":96.29},"branches":{"total":34,"covered":21,"skipped":0,"pct":61.76}}
,"/home/cblokland/projects/made/codemation/packages/frontend/src/infrastructure/persistence/WorkflowDefinitionRepositoryAdapter.ts": {"lines":{"total":6,"covered":4,"skipped":0,"pct":66.66},"functions":{"total":4,"covered":2,"skipped":0,"pct":50},"statements":{"total":7,"covered":5,"skipped":0,"pct":71.42},"branches":{"total":0,"covered":0,"skipped":0,"pct":100}}
,"/home/cblokland/projects/made/codemation/packages/frontend/src/infrastructure/persistence/WorkflowRunRepository.ts": {"lines":{"total":8,"covered":1,"skipped":0,"pct":12.5},"functions":{"total":4,"covered":0,"skipped":0,"pct":0},"statements":{"total":9,"covered":2,"skipped":0,"pct":22.22},"branches":{"total":4,"covered":0,"skipped":0,"pct":0}}
,"/home/cblokland/projects/made/codemation/packages/frontend/src/infrastructure/runtime/WorkerRuntimeScheduler.ts": {"lines":{"total":0,"covered":0,"skipped":0,"pct":100},"functions":{"total":0,"covered":0,"skipped":0,"pct":100},"statements":{"total":0,"covered":0,"skipped":0,"pct":100},"branches":{"total":0,"covered":0,"skipped":0,"pct":100}}
,"/home/cblokland/projects/made/codemation/packages/frontend/src/infrastructure/server/http/ServerHttpRouteDefinition.ts": {"lines":{"total":7,"covered":7,"skipped":0,"pct":100},"functions":{"total":3,"covered":3,"skipped":0,"pct":100},"statements":{"total":7,"covered":7,"skipped":0,"pct":100},"branches":{"total":2,"covered":2,"skipped":0,"pct":100}}
,"/home/cblokland/projects/made/codemation/packages/frontend/src/infrastructure/server/http/ServerHttpRouteHandlerFunction.ts": {"lines":{"total":0,"covered":0,"skipped":0,"pct":100},"functions":{"total":0,"covered":0,"skipped":0,"pct":100},"statements":{"total":0,"covered":0,"skipped":0,"pct":100},"branches":{"total":0,"covered":0,"skipped":0,"pct":100}}
,"/home/cblokland/projects/made/codemation/packages/frontend/src/infrastructure/server/http/ServerHttpRouteParams.ts": {"lines":{"total":0,"covered":0,"skipped":0,"pct":100},"functions":{"total":0,"covered":0,"skipped":0,"pct":100},"statements":{"total":0,"covered":0,"skipped":0,"pct":100},"branches":{"total":0,"covered":0,"skipped":0,"pct":100}}
,"/home/cblokland/projects/made/codemation/packages/frontend/src/infrastructure/server/http/ServerHttpRoutePattern.ts": {"lines":{"total":11,"covered":11,"skipped":0,"pct":100},"functions":{"total":3,"covered":3,"skipped":0,"pct":100},"statements":{"total":12,"covered":12,"skipped":0,"pct":100},"branches":{"total":6,"covered":6,"skipped":0,"pct":100}}
,"/home/cblokland/projects/made/codemation/packages/frontend/src/infrastructure/server/http/ServerHttpRouteSegment.ts": {"lines":{"total":3,"covered":3,"skipped":0,"pct":100},"functions":{"total":2,"covered":2,"skipped":0,"pct":100},"statements":{"total":3,"covered":3,"skipped":0,"pct":100},"branches":{"total":4,"covered":4,"skipped":0,"pct":100}}
,"/home/cblokland/projects/made/codemation/packages/frontend/src/infrastructure/webhooks/CodemationServerEngineHost.ts": {"lines":{"total":7,"covered":3,"skipped":0,"pct":42.85},"functions":{"total":3,"covered":2,"skipped":0,"pct":66.66},"statements":{"total":8,"covered":4,"skipped":0,"pct":50},"branches":{"total":0,"covered":0,"skipped":0,"pct":100}}
,"/home/cblokland/projects/made/codemation/packages/frontend/src/infrastructure/webhooks/CodemationWebhookRegistry.ts": {"lines":{"total":3,"covered":1,"skipped":0,"pct":33.33},"functions":{"total":2,"covered":0,"skipped":0,"pct":0},"statements":{"total":3,"covered":1,"skipped":0,"pct":33.33},"branches":{"total":0,"covered":0,"skipped":0,"pct":100}}
,"/home/cblokland/projects/made/codemation/packages/frontend/src/infrastructure/webhooks/RequestToWebhookItemMapper.ts": {"lines":{"total":21,"covered":1,"skipped":0,"pct":4.76},"functions":{"total":8,"covered":0,"skipped":0,"pct":0},"statements":{"total":24,"covered":2,"skipped":0,"pct":8.33},"branches":{"total":20,"covered":0,"skipped":0,"pct":0}}
,"/home/cblokland/projects/made/codemation/packages/frontend/src/infrastructure/webhooks/WebhookEndpointRepositoryAdapter.ts": {"lines":{"total":4,"covered":1,"skipped":0,"pct":25},"functions":{"total":3,"covered":0,"skipped":0,"pct":0},"statements":{"total":5,"covered":2,"skipped":0,"pct":40},"branches":{"total":0,"covered":0,"skipped":0,"pct":100}}
,"/home/cblokland/projects/made/codemation/packages/frontend/src/infrastructure/worker/CodemationWorkerHost.ts": {"lines":{"total":2,"covered":1,"skipped":0,"pct":50},"functions":{"total":2,"covered":0,"skipped":0,"pct":0},"statements":{"total":3,"covered":2,"skipped":0,"pct":66.66},"branches":{"total":0,"covered":0,"skipped":0,"pct":100}}
,"/home/cblokland/projects/made/codemation/packages/frontend/src/presentation/config/CodemationAppSlots.ts": {"lines":{"total":0,"covered":0,"skipped":0,"pct":100},"functions":{"total":0,"covered":0,"skipped":0,"pct":100},"statements":{"total":0,"covered":0,"skipped":0,"pct":100},"branches":{"total":0,"covered":0,"skipped":0,"pct":100}}
,"/home/cblokland/projects/made/codemation/packages/frontend/src/presentation/config/CodemationBinding.ts": {"lines":{"total":0,"covered":0,"skipped":0,"pct":100},"functions":{"total":0,"covered":0,"skipped":0,"pct":100},"statements":{"total":0,"covered":0,"skipped":0,"pct":100},"branches":{"total":0,"covered":0,"skipped":0,"pct":100}}
,"/home/cblokland/projects/made/codemation/packages/frontend/src/presentation/config/CodemationConfig.ts": {"lines":{"total":0,"covered":0,"skipped":0,"pct":100},"functions":{"total":0,"covered":0,"skipped":0,"pct":100},"statements":{"total":0,"covered":0,"skipped":0,"pct":100},"branches":{"total":0,"covered":0,"skipped":0,"pct":100}}
,"/home/cblokland/projects/made/codemation/packages/frontend/src/presentation/config/CodemationWorkflowDiscovery.ts": {"lines":{"total":0,"covered":0,"skipped":0,"pct":100},"functions":{"total":0,"covered":0,"skipped":0,"pct":100},"statements":{"total":0,"covered":0,"skipped":0,"pct":100},"branches":{"total":0,"covered":0,"skipped":0,"pct":100}}
,"/home/cblokland/projects/made/codemation/packages/frontend/src/presentation/http/ApiPaths.ts": {"lines":{"total":17,"covered":12,"skipped":0,"pct":70.58},"functions":{"total":13,"covered":13,"skipped":0,"pct":100},"statements":{"total":17,"covered":12,"skipped":0,"pct":70.58},"branches":{"total":0,"covered":0,"skipped":0,"pct":100}}
,"/home/cblokland/projects/made/codemation/packages/frontend/src/presentation/http/CodemationServerGateway.ts": {"lines":{"total":53,"covered":41,"skipped":0,"pct":77.35},"functions":{"total":12,"covered":9,"skipped":0,"pct":75},"statements":{"total":54,"covered":41,"skipped":0,"pct":75.92},"branches":{"total":18,"covered":9,"skipped":0,"pct":50}}
,"/home/cblokland/projects/made/codemation/packages/frontend/src/presentation/http/HandlesHttpRoute.ts": {"lines":{"total":3,"covered":3,"skipped":0,"pct":100},"functions":{"total":2,"covered":2,"skipped":0,"pct":100},"statements":{"total":3,"covered":3,"skipped":0,"pct":100},"branches":{"total":0,"covered":0,"skipped":0,"pct":100}}
,"/home/cblokland/projects/made/codemation/packages/frontend/src/presentation/http/HttpRouteHandler.ts": {"lines":{"total":0,"covered":0,"skipped":0,"pct":100},"functions":{"total":0,"covered":0,"skipped":0,"pct":100},"statements":{"total":0,"covered":0,"skipped":0,"pct":100},"branches":{"total":0,"covered":0,"skipped":0,"pct":100}}
,"/home/cblokland/projects/made/codemation/packages/frontend/src/presentation/http/Route.ts": {"lines":{"total":5,"covered":5,"skipped":0,"pct":100},"functions":{"total":2,"covered":2,"skipped":0,"pct":100},"statements":{"total":5,"covered":5,"skipped":0,"pct":100},"branches":{"total":2,"covered":2,"skipped":0,"pct":100}}
,"/home/cblokland/projects/made/codemation/packages/frontend/src/presentation/http/ServerHttpErrorResponseFactory.ts": {"lines":{"total":4,"covered":0,"skipped":0,"pct":0},"functions":{"total":1,"covered":1,"skipped":0,"pct":100},"statements":{"total":4,"covered":0,"skipped":0,"pct":0},"branches":{"total":4,"covered":0,"skipped":0,"pct":0}}
,"/home/cblokland/projects/made/codemation/packages/frontend/src/presentation/http/ServerHttpRouteParams.ts": {"lines":{"total":0,"covered":0,"skipped":0,"pct":100},"functions":{"total":0,"covered":0,"skipped":0,"pct":100},"statements":{"total":0,"covered":0,"skipped":0,"pct":100},"branches":{"total":0,"covered":0,"skipped":0,"pct":100}}
,"/home/cblokland/projects/made/codemation/packages/frontend/src/presentation/http/ServerHttpRouter.ts": {"lines":{"total":23,"covered":20,"skipped":0,"pct":86.95},"functions":{"total":6,"covered":6,"skipped":0,"pct":100},"statements":{"total":24,"covered":21,"skipped":0,"pct":87.5},"branches":{"total":8,"covered":5,"skipped":0,"pct":62.5}}
,"/home/cblokland/projects/made/codemation/packages/frontend/src/presentation/http/routeHandlers/RunHttpRouteHandler.ts": {"lines":{"total":34,"covered":17,"skipped":0,"pct":50},"functions":{"total":7,"covered":4,"skipped":0,"pct":57.14},"statements":{"total":35,"covered":18,"skipped":0,"pct":51.42},"branches":{"total":4,"covered":1,"skipped":0,"pct":25}}
,"/home/cblokland/projects/made/codemation/packages/frontend/src/presentation/http/routeHandlers/WebhookHttpRouteHandler.ts": {"lines":{"total":10,"covered":5,"skipped":0,"pct":50},"functions":{"total":2,"covered":1,"skipped":0,"pct":50},"statements":{"total":11,"covered":6,"skipped":0,"pct":54.54},"branches":{"total":0,"covered":0,"skipped":0,"pct":100}}
,"/home/cblokland/projects/made/codemation/packages/frontend/src/presentation/http/routeHandlers/WorkflowHttpRouteHandler.ts": {"lines":{"total":38,"covered":22,"skipped":0,"pct":57.89},"functions":{"total":9,"covered":6,"skipped":0,"pct":66.66},"statements":{"total":40,"covered":23,"skipped":0,"pct":57.5},"branches":{"total":4,"covered":0,"skipped":0,"pct":0}}
,"/home/cblokland/projects/made/codemation/packages/frontend/src/presentation/server/CodemationConsumerConfigLoader.ts": {"lines":{"total":108,"covered":0,"skipped":0,"pct":0},"functions":{"total":22,"covered":0,"skipped":0,"pct":0},"statements":{"total":109,"covered":0,"skipped":0,"pct":0},"branches":{"total":67,"covered":0,"skipped":0,"pct":0}}
,"/home/cblokland/projects/made/codemation/packages/frontend/src/presentation/server/CodemationFastifyHost.ts": {"lines":{"total":36,"covered":0,"skipped":0,"pct":0},"functions":{"total":7,"covered":0,"skipped":0,"pct":0},"statements":{"total":36,"covered":0,"skipped":0,"pct":0},"branches":{"total":20,"covered":0,"skipped":0,"pct":0}}
,"/home/cblokland/projects/made/codemation/packages/frontend/src/presentation/server/FastifyApiRouteRegistrar.ts": {"lines":{"total":8,"covered":8,"skipped":0,"pct":100},"functions":{"total":2,"covered":2,"skipped":0,"pct":100},"statements":{"total":8,"covered":8,"skipped":0,"pct":100},"branches":{"total":0,"covered":0,"skipped":0,"pct":100}}
,"/home/cblokland/projects/made/codemation/packages/frontend/src/presentation/server/FastifyRequestFactory.ts": {"lines":{"total":25,"covered":17,"skipped":0,"pct":68},"functions":{"total":4,"covered":4,"skipped":0,"pct":100},"statements":{"total":25,"covered":17,"skipped":0,"pct":68},"branches":{"total":24,"covered":14,"skipped":0,"pct":58.33}}
,"/home/cblokland/projects/made/codemation/packages/frontend/src/presentation/server/FastifyResponseWriter.ts": {"lines":{"total":8,"covered":7,"skipped":0,"pct":87.5},"functions":{"total":3,"covered":3,"skipped":0,"pct":100},"statements":{"total":8,"covered":7,"skipped":0,"pct":87.5},"branches":{"total":2,"covered":1,"skipped":0,"pct":50}}
,"/home/cblokland/projects/made/codemation/packages/frontend/src/presentation/websocket/WorkflowWebsocketServer.ts": {"lines":{"total":86,"covered":63,"skipped":0,"pct":73.25},"functions":{"total":21,"covered":16,"skipped":0,"pct":76.19},"statements":{"total":88,"covered":64,"skipped":0,"pct":72.72},"branches":{"total":32,"covered":17,"skipped":0,"pct":53.12}}
,"/home/cblokland/projects/made/codemation/packages/frontend/src/ui/app/HostedCodemationApp.tsx": {"lines":{"total":6,"covered":0,"skipped":0,"pct":0},"functions":{"total":2,"covered":0,"skipped":0,"pct":0},"statements":{"total":6,"covered":0,"skipped":0,"pct":0},"branches":{"total":3,"covered":0,"skipped":0,"pct":0}}
,"/home/cblokland/projects/made/codemation/packages/frontend/src/ui/components/Codemation.tsx": {"lines":{"total":1,"covered":0,"skipped":0,"pct":0},"functions":{"total":1,"covered":0,"skipped":0,"pct":0},"statements":{"total":1,"covered":0,"skipped":0,"pct":0},"branches":{"total":0,"covered":0,"skipped":0,"pct":100}}
,"/home/cblokland/projects/made/codemation/packages/frontend/src/ui/components/WorkflowCanvas.tsx": {"lines":{"total":292,"covered":0,"skipped":0,"pct":0},"functions":{"total":69,"covered":0,"skipped":0,"pct":0},"statements":{"total":313,"covered":0,"skipped":0,"pct":0},"branches":{"total":333,"covered":0,"skipped":0,"pct":0}}
,"/home/cblokland/projects/made/codemation/packages/frontend/src/ui/providers/Providers.tsx": {"lines":{"total":10,"covered":0,"skipped":0,"pct":0},"functions":{"total":5,"covered":0,"skipped":0,"pct":0},"statements":{"total":12,"covered":0,"skipped":0,"pct":0},"branches":{"total":2,"covered":0,"skipped":0,"pct":0}}
,"/home/cblokland/projects/made/codemation/packages/frontend/src/ui/realtime/realtime.tsx": {"lines":{"total":324,"covered":0,"skipped":0,"pct":0},"functions":{"total":83,"covered":0,"skipped":0,"pct":0},"statements":{"total":351,"covered":0,"skipped":0,"pct":0},"branches":{"total":222,"covered":0,"skipped":0,"pct":0}}
,"/home/cblokland/projects/made/codemation/packages/frontend/src/ui/realtime/workflowTypes.ts": {"lines":{"total":0,"covered":0,"skipped":0,"pct":100},"functions":{"total":0,"covered":0,"skipped":0,"pct":100},"statements":{"total":0,"covered":0,"skipped":0,"pct":100},"branches":{"total":0,"covered":0,"skipped":0,"pct":100}}
,"/home/cblokland/projects/made/codemation/packages/frontend/src/ui/screens/HostedWorkflowDetailScreen.tsx": {"lines":{"total":1,"covered":0,"skipped":0,"pct":0},"functions":{"total":1,"covered":0,"skipped":0,"pct":0},"statements":{"total":1,"covered":0,"skipped":0,"pct":0},"branches":{"total":0,"covered":0,"skipped":0,"pct":100}}
,"/home/cblokland/projects/made/codemation/packages/frontend/src/ui/screens/HostedWorkflowsScreen.tsx": {"lines":{"total":1,"covered":0,"skipped":0,"pct":0},"functions":{"total":1,"covered":0,"skipped":0,"pct":0},"statements":{"total":1,"covered":0,"skipped":0,"pct":0},"branches":{"total":0,"covered":0,"skipped":0,"pct":100}}
,"/home/cblokland/projects/made/codemation/packages/frontend/src/ui/screens/WorkflowDetailScreen.tsx": {"lines":{"total":7,"covered":0,"skipped":0,"pct":0},"functions":{"total":3,"covered":0,"skipped":0,"pct":0},"statements":{"total":7,"covered":0,"skipped":0,"pct":0},"branches":{"total":42,"covered":0,"skipped":0,"pct":0}}
,"/home/cblokland/projects/made/codemation/packages/frontend/src/ui/screens/WorkflowsScreen.tsx": {"lines":{"total":14,"covered":0,"skipped":0,"pct":0},"functions":{"total":3,"covered":0,"skipped":0,"pct":0},"statements":{"total":14,"covered":0,"skipped":0,"pct":0},"branches":{"total":8,"covered":0,"skipped":0,"pct":0}}
,"/home/cblokland/projects/made/codemation/packages/frontend/src/ui/workflowDetail/PersistedWorkflowSnapshotMapper.ts": {"lines":{"total":24,"covered":0,"skipped":0,"pct":0},"functions":{"total":11,"covered":0,"skipped":0,"pct":0},"statements":{"total":25,"covered":0,"skipped":0,"pct":0},"branches":{"total":22,"covered":0,"skipped":0,"pct":0}}
,"/home/cblokland/projects/made/codemation/packages/frontend/src/ui/workflowDetail/WorkflowDetailIcons.tsx": {"lines":{"total":19,"covered":0,"skipped":0,"pct":0},"functions":{"total":2,"covered":0,"skipped":0,"pct":0},"statements":{"total":28,"covered":0,"skipped":0,"pct":0},"branches":{"total":29,"covered":0,"skipped":0,"pct":0}}
,"/home/cblokland/projects/made/codemation/packages/frontend/src/ui/workflowDetail/WorkflowDetailPresenter.tsx": {"lines":{"total":173,"covered":0,"skipped":0,"pct":0},"functions":{"total":66,"covered":0,"skipped":0,"pct":0},"statements":{"total":205,"covered":0,"skipped":0,"pct":0},"branches":{"total":149,"covered":0,"skipped":0,"pct":0}}
,"/home/cblokland/projects/made/codemation/packages/frontend/src/ui/workflowDetail/WorkflowExecutionInspector.tsx": {"lines":{"total":66,"covered":0,"skipped":0,"pct":0},"functions":{"total":17,"covered":0,"skipped":0,"pct":0},"statements":{"total":74,"covered":0,"skipped":0,"pct":0},"branches":{"total":137,"covered":0,"skipped":0,"pct":0}}
,"/home/cblokland/projects/made/codemation/packages/frontend/src/ui/workflowDetail/WorkflowInspectorViews.tsx": {"lines":{"total":84,"covered":0,"skipped":0,"pct":0},"functions":{"total":36,"covered":0,"skipped":0,"pct":0},"statements":{"total":97,"covered":0,"skipped":0,"pct":0},"branches":{"total":87,"covered":0,"skipped":0,"pct":0}}
,"/home/cblokland/projects/made/codemation/packages/frontend/src/ui/workflowDetail/WorkflowJsonEditorDialog.tsx": {"lines":{"total":15,"covered":0,"skipped":0,"pct":0},"functions":{"total":5,"covered":0,"skipped":0,"pct":0},"statements":{"total":17,"covered":0,"skipped":0,"pct":0},"branches":{"total":12,"covered":0,"skipped":0,"pct":0}}
,"/home/cblokland/projects/made/codemation/packages/frontend/src/ui/workflowDetail/WorkflowRunsSidebar.tsx": {"lines":{"total":12,"covered":0,"skipped":0,"pct":0},"functions":{"total":4,"covered":0,"skipped":0,"pct":0},"statements":{"total":15,"covered":0,"skipped":0,"pct":0},"branches":{"total":23,"covered":0,"skipped":0,"pct":0}}
,"/home/cblokland/projects/made/codemation/packages/frontend/src/ui/workflowDetail/useWorkflowDetailController.tsx": {"lines":{"total":299,"covered":0,"skipped":0,"pct":0},"functions":{"total":86,"covered":0,"skipped":0,"pct":0},"statements":{"total":324,"covered":0,"skipped":0,"pct":0},"branches":{"total":204,"covered":0,"skipped":0,"pct":0}}
,"/home/cblokland/projects/made/codemation/packages/frontend/src/ui/workflowDetail/workflowDetailTypes.ts": {"lines":{"total":0,"covered":0,"skipped":0,"pct":100},"functions":{"total":0,"covered":0,"skipped":0,"pct":100},"statements":{"total":0,"covered":0,"skipped":0,"pct":100},"branches":{"total":0,"covered":0,"skipped":0,"pct":100}}
,"/home/cblokland/projects/made/codemation/packages/frontend/src/vite/CodemationVitePlugin.ts": {"lines":{"total":17,"covered":0,"skipped":0,"pct":0},"functions":{"total":8,"covered":0,"skipped":0,"pct":0},"statements":{"total":18,"covered":0,"skipped":0,"pct":0},"branches":{"total":17,"covered":0,"skipped":0,"pct":0}}
}
